 
****************************************
Report : area
Design : wrap
Version: R-2020.09-SP4
Date   : Tue Feb 27 08:38:21 2024
****************************************

Library(s) Used:

    scc55nll_hd_rvt_tt_v1p2_25c_basic (File: /home/autumn/Desktop/mac/mult18x18/syn/scc55nll_hd_rvt_tt_v1p2_25c_basic.db)

Number of ports:                           76
Number of nets:                          3035
Number of cells:                         3011
Number of combinational cells:           2185
Number of sequential cells:               825
Number of macros/black boxes:               0
Number of buf/inv:                        239
Number of references:                     103

Combinational area:               3571.679989
Buf/Inv area:                      272.159997
Noncombinational area:            5589.919860
Macro/Black Box area:                0.000000
Net Interconnect area:      undefined  (No wire load specified)

Total cell area:                  9161.599849
Total area:                 undefined
1
