 
****************************************
check_design summary:
Version:     R-2020.09-SP4
Date:        Tue Feb 27 08:38:20 2024
****************************************

                   Name                                            Total
--------------------------------------------------------------------------------
Inputs/Outputs                                                     18
    Unconnected ports (LINT-28)                                    18
--------------------------------------------------------------------------------

Warning: In design 'wrap', port 'i_multb[17]' is not connected to any nets. (LINT-28)
Warning: In design 'wrap', port 'i_multb[16]' is not connected to any nets. (LINT-28)
Warning: In design 'wrap', port 'i_multb[15]' is not connected to any nets. (LINT-28)
Warning: In design 'wrap', port 'i_multb[14]' is not connected to any nets. (LINT-28)
Warning: In design 'wrap', port 'i_multb[13]' is not connected to any nets. (LINT-28)
Warning: In design 'wrap', port 'i_multb[12]' is not connected to any nets. (LINT-28)
Warning: In design 'wrap', port 'i_multb[11]' is not connected to any nets. (LINT-28)
Warning: In design 'wrap', port 'i_multb[10]' is not connected to any nets. (LINT-28)
Warning: In design 'wrap', port 'i_multb[9]' is not connected to any nets. (LINT-28)
Warning: In design 'wrap', port 'i_multb[8]' is not connected to any nets. (LINT-28)
Warning: In design 'wrap', port 'i_multb[7]' is not connected to any nets. (LINT-28)
Warning: In design 'wrap', port 'i_multb[6]' is not connected to any nets. (LINT-28)
Warning: In design 'wrap', port 'i_multb[5]' is not connected to any nets. (LINT-28)
Warning: In design 'wrap', port 'i_multb[4]' is not connected to any nets. (LINT-28)
Warning: In design 'wrap', port 'i_multb[3]' is not connected to any nets. (LINT-28)
Warning: In design 'wrap', port 'i_multb[2]' is not connected to any nets. (LINT-28)
Warning: In design 'wrap', port 'i_multb[1]' is not connected to any nets. (LINT-28)
Warning: In design 'wrap', port 'i_multb[0]' is not connected to any nets. (LINT-28)
1
