/usr/Synopsys/syn/R-2020.09-SP4/auxx/gui/dv/dv_setup.tcl
/usr/Synopsys/syn/R-2020.09-SP4/auxx/gui/syn/snpsSynProcs.tcl
/usr/Synopsys/syn/R-2020.09-SP4/auxx/gui/syn/layout/pkgIndex.tcl
/usr/Synopsys/syn/R-2020.09-SP4/auxx/gui/common/3dic/pkgIndex.tcl
/usr/Synopsys/syn/R-2020.09-SP4/auxx/gui/common/WindowFrameWork/pkgIndex.tcl
/usr/Synopsys/syn/R-2020.09-SP4/auxx/gui/common/acg/pkgIndex.tcl
/usr/Synopsys/syn/R-2020.09-SP4/auxx/gui/common/commandform/pkgIndex.tcl
/usr/Synopsys/syn/R-2020.09-SP4/auxx/gui/common/dialogs/pkgIndex.tcl
/usr/Synopsys/syn/R-2020.09-SP4/auxx/gui/common/docBrowser/pkgIndex.tcl
/usr/Synopsys/syn/R-2020.09-SP4/auxx/gui/common/hierAttrView/pkgIndex.tcl
/usr/Synopsys/syn/R-2020.09-SP4/auxx/gui/common/hierarchy/pkgIndex.tcl
/usr/Synopsys/syn/R-2020.09-SP4/auxx/gui/common/highlight/pkgIndex.tcl
/usr/Synopsys/syn/R-2020.09-SP4/auxx/gui/common/histogram/pkgIndex.tcl
/usr/Synopsys/syn/R-2020.09-SP4/auxx/gui/common/layout/pkgIndex.tcl
/usr/Synopsys/syn/R-2020.09-SP4/auxx/gui/common/libviewer/pkgIndex.tcl
/usr/Synopsys/syn/R-2020.09-SP4/auxx/gui/common/menus/pkgIndex.tcl
/usr/Synopsys/syn/R-2020.09-SP4/auxx/gui/common/misc/pkgIndex.tcl
/usr/Synopsys/syn/R-2020.09-SP4/auxx/gui/common/mrupalette/pkgIndex.tcl
/usr/Synopsys/syn/R-2020.09-SP4/auxx/gui/common/opdlg/pkgIndex.tcl
/usr/Synopsys/syn/R-2020.09-SP4/auxx/gui/common/palettegroup/pkgIndex.tcl
/usr/Synopsys/syn/R-2020.09-SP4/auxx/gui/common/qtcl/pkgIndex.tcl
/usr/Synopsys/syn/R-2020.09-SP4/auxx/gui/common/regressionToolkit/pkgIndex.tcl
/usr/Synopsys/syn/R-2020.09-SP4/auxx/gui/common/rtlxref/pkgIndex.tcl
/usr/Synopsys/syn/R-2020.09-SP4/auxx/gui/common/schematic/pkgIndex.tcl
/usr/Synopsys/syn/R-2020.09-SP4/auxx/gui/common/select/pkgIndex.tcl
/usr/Synopsys/syn/R-2020.09-SP4/auxx/gui/common/setup/pkgIndex.tcl
/usr/Synopsys/syn/R-2020.09-SP4/auxx/gui/common/strokes/pkgIndex.tcl
/usr/Synopsys/syn/R-2020.09-SP4/auxx/gui/common/table/pkgIndex.tcl
/usr/Synopsys/syn/R-2020.09-SP4/auxx/gui/common/tcl-dp/pkgIndex.tcl
/usr/Synopsys/syn/R-2020.09-SP4/auxx/gui/common/tiledview/pkgIndex.tcl
/usr/Synopsys/syn/R-2020.09-SP4/auxx/gui/common/timing/pkgIndex.tcl
/usr/Synopsys/syn/R-2020.09-SP4/auxx/gui/common/tq/pkgIndex.tcl
/usr/Synopsys/syn/R-2020.09-SP4/auxx/gui/common/utable/pkgIndex.tcl
/usr/Synopsys/syn/R-2020.09-SP4/auxx/gui/common/view/pkgIndex.tcl
/usr/Synopsys/syn/R-2020.09-SP4/auxx/gui/dv/pkgIndex.tcl
/usr/Synopsys/syn/R-2020.09-SP4/auxx/syn/lib/pkgIndex.tcl
/usr/Synopsys/syn/R-2020.09-SP4/auxx/tcllib/lib/iwidgets4.1/pkgIndex.tcl
/usr/Synopsys/syn/R-2020.09-SP4/auxx/tcllib/snps_tcl/snpsTclPro/pkgIndex.tcl
/usr/Synopsys/syn/R-2020.09-SP4/auxx/tcllib/snps_tcl/snpsTest/pkgIndex.tcl
/usr/Synopsys/syn/R-2020.09-SP4/auxx/tcllib/snps_tcl/snpsUtils/pkgIndex.tcl
/usr/Synopsys/syn/R-2020.09-SP4/auxx/tcllib/snps_tcl/pkgIndex.tcl
/usr/Synopsys/syn/R-2020.09-SP4/auxx/tcllib/lib/tcl8.6/dde/pkgIndex.tcl
/usr/Synopsys/syn/R-2020.09-SP4/auxx/tcllib/lib/tcl8.6/http/pkgIndex.tcl
/usr/Synopsys/syn/R-2020.09-SP4/auxx/tcllib/lib/tcl8.6/http1.0/pkgIndex.tcl
/usr/Synopsys/syn/R-2020.09-SP4/auxx/tcllib/lib/tcl8.6/msgcat/pkgIndex.tcl
/usr/Synopsys/syn/R-2020.09-SP4/auxx/tcllib/lib/tcl8.6/opt/pkgIndex.tcl
/usr/Synopsys/syn/R-2020.09-SP4/auxx/tcllib/lib/tcl8.6/platform/pkgIndex.tcl
/usr/Synopsys/syn/R-2020.09-SP4/auxx/tcllib/lib/tcl8.6/reg/pkgIndex.tcl
/usr/Synopsys/syn/R-2020.09-SP4/auxx/tcllib/lib/tcl8.6/tcltest/pkgIndex.tcl
/usr/Synopsys/syn/R-2020.09-SP4/auxx/gui/common/setup/snpsCommonSetup.tcl
/usr/Synopsys/syn/R-2020.09-SP4/auxx/gui/common/setup/snpsCustomize.tcl
/usr/Synopsys/syn/R-2020.09-SP4/auxx/gui/common/setup/snpsProcheck.tcl
/usr/Synopsys/syn/R-2020.09-SP4/auxx/gui/common/misc/base.tcl
/usr/Synopsys/syn/R-2020.09-SP4/auxx/gui/common/misc/timing.tcl
/usr/Synopsys/syn/R-2020.09-SP4/auxx/gui/common/misc/setting.tcl
/usr/Synopsys/syn/R-2020.09-SP4/auxx/gui/common/misc/preset.tcl
/usr/Synopsys/syn/R-2020.09-SP4/auxx/gui/common/WindowFrameWork/windowFrameWork.tcl
/usr/Synopsys/syn/R-2020.09-SP4/auxx/gui/common/WindowFrameWork/skipBusyCursorCmdList.tcl
/usr/Synopsys/syn/R-2020.09-SP4/auxx/gui/common/qtcl/.synopsys_qtcl.tcl
/usr/Synopsys/syn/R-2020.09-SP4/auxx/gui/common/highlight/highlight.tcl
/usr/Synopsys/syn/R-2020.09-SP4/auxx/gui/common/palettegroup/palettegroup.tcl
/usr/Synopsys/syn/R-2020.09-SP4/auxx/gui/common/commandform/commandform.tcl
/usr/Synopsys/syn/R-2020.09-SP4/auxx/gui/common/tiledview/tiledview.tcl
/usr/Synopsys/syn/R-2020.09-SP4/auxx/gui/common/docBrowser/docBrowser.tcl
/usr/Synopsys/syn/R-2020.09-SP4/auxx/tcllib/snps_tcl/snpsUtils/snpsUtils.tcl
/usr/Synopsys/syn/R-2020.09-SP4/auxx/gui/common/dialogs/ObjectChooser.tcl
/usr/Synopsys/syn/R-2020.09-SP4/auxx/gui/common/misc/DialogObjectChooser.tcl
/usr/Synopsys/syn/R-2020.09-SP4/auxx/gui/common/dialogs/HistBinInformation.tcl
/usr/Synopsys/syn/R-2020.09-SP4/auxx/gui/common/dialogs/HistBin1Information.tcl
/usr/Synopsys/syn/R-2020.09-SP4/auxx/gui/common/dialogs/BinsOnlyInformation.tcl
/usr/Synopsys/syn/R-2020.09-SP4/auxx/gui/common/dialogs/FileChooser.tcl
/usr/Synopsys/syn/R-2020.09-SP4/auxx/gui/common/dialogs/PathPinSimpleInfo.tcl
/usr/Synopsys/syn/R-2020.09-SP4/auxx/gui/common/dialogs/PathsBasicInfo.tcl
/usr/Synopsys/syn/R-2020.09-SP4/auxx/gui/common/dialogs/PathsBasicSimpleInfo.tcl
/usr/Synopsys/syn/R-2020.09-SP4/auxx/gui/common/dialogs/SlctOperationInfo.tcl
/usr/Synopsys/syn/R-2020.09-SP4/auxx/gui/common/dialogs/ObjectListInfo.tcl
/usr/Synopsys/syn/R-2020.09-SP4/auxx/gui/common/dialogs/FanInOutInfo.tcl
/usr/Synopsys/syn/R-2020.09-SP4/auxx/gui/common/dialogs/NumberOfLevelsChooser.tcl
/usr/Synopsys/syn/R-2020.09-SP4/auxx/gui/common/dialogs/WindowReuseInfo.tcl
/usr/Synopsys/syn/R-2020.09-SP4/auxx/gui/common/dialogs/ReportOutputOptionInfo.tcl
/usr/Synopsys/syn/R-2020.09-SP4/auxx/gui/common/setup/snpsCollections.tcl
/usr/Synopsys/syn/R-2020.09-SP4/auxx/gui/common/dialogs/CompileLinkDesign.tcl
/usr/Synopsys/syn/R-2020.09-SP4/auxx/gui/common/histogram/base.tcl
/usr/Synopsys/syn/R-2020.09-SP4/auxx/gui/common/histogram/DialogNetCapacitance.tcl
/usr/Synopsys/syn/R-2020.09-SP4/auxx/gui/common/schematic/DialogPathSchematicFanInOut.tcl
/usr/Synopsys/syn/R-2020.09-SP4/auxx/gui/common/schematic/DialogPathSchematicAddPaths.tcl
/home/autumn/Desktop/mac/mult16x16/syn/run_16_syn.tcl
/home/autumn/Desktop/mac/mult16x16/src/mult16_def.v
/home/autumn/Desktop/mac/mult16x16/src/mult16_def.v
/home/autumn/Desktop/mac/mult16x16/src/half_adder.v
/home/autumn/Desktop/mac/mult16x16/src/full_adder.v
/home/autumn/Desktop/mac/mult16x16/src/counter_5to3.v
/home/autumn/Desktop/mac/mult16x16/src/booth_r4_16x16.v
/home/autumn/Desktop/mac/mult16x16/src/wtree_3to2_16x16.v
/home/autumn/Desktop/mac/mult16x16/src/wtree_4to2_16x16.v
/home/autumn/Desktop/mac/mult16x16/src/mult16x16.v
/home/autumn/Desktop/mac/mult16x16/syn/wrap.v
/home/autumn/Desktop/mac/mult16x16/syn/scc55nll_hd_rvt_tt_v1p2_25c_basic.db
/usr/Synopsys/syn/R-2020.09-SP4/libraries/syn/dw_foundation.sldb
/usr/Synopsys/syn/R-2020.09-SP4/libraries/syn/gtech.db
/usr/Synopsys/syn/R-2020.09-SP4/libraries/syn/standard.sldb
/home/autumn/Desktop/mac/mult16x16/syn/scc55nll_hd_rvt_tt_v1p2_25c_basic.db
/home/autumn/Desktop/mac/mult16x16/syn/run/alib-52/scc55nll_hd_rvt_tt_v1p2_25c_basic.db.alib
/home/autumn/Desktop/mac/mult16x16/syn/scc55nll_hd_rvt_tt_v1p2_25c_basic.db
/home/autumn/Desktop/mac/mult16x16/syn/run/alib-52/scc55nll_hd_rvt_tt_v1p2_25c_basic.db.alib
/home/autumn/Desktop/mac/mult16x16/syn/scc55nll_hd_rvt_tt_v1p2_25c_basic.db
/home/autumn/Desktop/mac/mult16x16/syn/scc55nll_hd_rvt_tt_v1p2_25c_basic.db
/home/autumn/Desktop/mac/mult16x16/syn/run/alib-52/scc55nll_hd_rvt_tt_v1p2_25c_basic.db.alib
/home/autumn/Desktop/mac/mult16x16/syn/scc55nll_hd_rvt_tt_v1p2_25c_basic.db
/home/autumn/Desktop/mac/mult16x16/syn/run/alib-52/scc55nll_hd_rvt_tt_v1p2_25c_basic.db.alib
/home/autumn/Desktop/mac/mult16x16/syn/scc55nll_hd_rvt_tt_v1p2_25c_basic.db
/home/autumn/Desktop/mac/mult16x16/syn/run_16_syn.tcl
/home/autumn/Desktop/mac/mult16x16/src/mult16_def.v
/home/autumn/Desktop/mac/mult16x16/src/mult16_def.v
/home/autumn/Desktop/mac/mult16x16/src/half_adder.v
/home/autumn/Desktop/mac/mult16x16/src/full_adder.v
/home/autumn/Desktop/mac/mult16x16/src/counter_5to3.v
/home/autumn/Desktop/mac/mult16x16/src/booth_r4_16x16.v
/home/autumn/Desktop/mac/mult16x16/src/wtree_3to2_16x16.v
/home/autumn/Desktop/mac/mult16x16/src/wtree_4to2_16x16.v
/home/autumn/Desktop/mac/mult16x16/src/mult16x16.v
/home/autumn/Desktop/mac/mult16x16/syn/wrap.v
/home/autumn/Desktop/mac/mult16x16/syn/scc55nll_hd_rvt_tt_v1p2_25c_basic.db
/home/autumn/Desktop/mac/mult16x16/syn/run/alib-52/scc55nll_hd_rvt_tt_v1p2_25c_basic.db.alib
/home/autumn/Desktop/mac/mult16x16/syn/scc55nll_hd_rvt_tt_v1p2_25c_basic.db
/home/autumn/Desktop/mac/mult16x16/syn/run/alib-52/scc55nll_hd_rvt_tt_v1p2_25c_basic.db.alib
/home/autumn/Desktop/mac/mult16x16/syn/scc55nll_hd_rvt_tt_v1p2_25c_basic.db
/home/autumn/Desktop/mac/mult16x16/syn/scc55nll_hd_rvt_tt_v1p2_25c_basic.db
/home/autumn/Desktop/mac/mult16x16/syn/run/alib-52/scc55nll_hd_rvt_tt_v1p2_25c_basic.db.alib
/home/autumn/Desktop/mac/mult16x16/syn/scc55nll_hd_rvt_tt_v1p2_25c_basic.db
/home/autumn/Desktop/mac/mult16x16/syn/run/alib-52/scc55nll_hd_rvt_tt_v1p2_25c_basic.db.alib
/home/autumn/Desktop/mac/mult16x16/syn/scc55nll_hd_rvt_tt_v1p2_25c_basic.db
/home/autumn/Desktop/mac/mult16x16/syn/run_16_syn.tcl
/home/autumn/Desktop/mac/mult16x16/src/mult16_def.v
/home/autumn/Desktop/mac/mult16x16/src/mult16_def.v
/home/autumn/Desktop/mac/mult16x16/src/half_adder.v
/home/autumn/Desktop/mac/mult16x16/src/full_adder.v
/home/autumn/Desktop/mac/mult16x16/src/counter_5to3.v
/home/autumn/Desktop/mac/mult16x16/src/booth_r4_16x16.v
/home/autumn/Desktop/mac/mult16x16/src/wtree_3to2_16x16.v
/home/autumn/Desktop/mac/mult16x16/src/wtree_4to2_16x16.v
/home/autumn/Desktop/mac/mult16x16/src/mult16x16.v
/home/autumn/Desktop/mac/mult16x16/syn/wrap.v
/home/autumn/Desktop/mac/mult16x16/syn/scc55nll_hd_rvt_tt_v1p2_25c_basic.db
/home/autumn/Desktop/mac/mult16x16/syn/run/alib-52/scc55nll_hd_rvt_tt_v1p2_25c_basic.db.alib
/home/autumn/Desktop/mac/mult16x16/syn/scc55nll_hd_rvt_tt_v1p2_25c_basic.db
/home/autumn/Desktop/mac/mult16x16/syn/run/alib-52/scc55nll_hd_rvt_tt_v1p2_25c_basic.db.alib
/home/autumn/Desktop/mac/mult16x16/syn/scc55nll_hd_rvt_tt_v1p2_25c_basic.db
/home/autumn/Desktop/mac/mult16x16/syn/scc55nll_hd_rvt_tt_v1p2_25c_basic.db
/home/autumn/Desktop/mac/mult16x16/syn/run/alib-52/scc55nll_hd_rvt_tt_v1p2_25c_basic.db.alib
/home/autumn/Desktop/mac/mult16x16/syn/scc55nll_hd_rvt_tt_v1p2_25c_basic.db
/home/autumn/Desktop/mac/mult16x16/syn/run/alib-52/scc55nll_hd_rvt_tt_v1p2_25c_basic.db.alib
/home/autumn/Desktop/mac/mult16x16/syn/scc55nll_hd_rvt_tt_v1p2_25c_basic.db
