./simv +UVM_NO_RELNOTES +UVM_TESTNAME=default +ntb_random_seed=111 -l ../log/default_111.log -full64 -sml=verdi +UVM_VERDI_TRACE=UVM_AWARE +fsdb+gate=off -ucli2Proc -ucli
debImport "-i" "-simflow" "-dbdir" "./simv.daidir"
Warning-[RT_UO] Unsupported option
  Unsupported option '-full64' is ignored
Notice: timing checks disabled with +notimingcheck at compile-time

Chronologic VCS simulator copyright 1991-2020
Contains Synopsys proprietary information.
Compiler version Q-2020.03-SP2-7_Full64; Runtime version Q-2020.03-SP2-7_Full64;  Feb 22 05:03 2024

*Verdi* Loading libsscore_vcs202003.so

FSDB Dumper for VCS, Release Verdi_R-2020.12-SP1, Linux x86_64/64bit, 03/02/2021
(C) 1996 - 2021 by Synopsys, Inc.

*Verdi* : Create FSDB file '/home/autumn/Desktop/mult16x16/run/inter.fsdb'

*Verdi* : Flush all FSDB Files at 0 ps.

*Verdi* : Enable RPC Server(13647)

srcTBInvokeSim
Verdi>next
wtree_3to2_16x16.v, 101 : assign stg1_c1[1:0]   = 2'b0;
Verdi>next
wtree_3to2_16x16.v, 124 : assign stg1_c2[1:0]   = 2'b0;
Verdi>next
wtree_3to2_16x16.v, 147 : assign stg1_c3[1:0]   = 2'b0;
Verdi>next
wtree_3to2_16x16.v, 247 : assign stg2_c2[4:0] = 5'b0; 
Verdi>run
*Verdi* WARNING: Env/runtime option has specified fsdbfile name as "/home/autumn/Desktop/mult16x16/run/inter.fsdb". Fsdbfile name in task "../wave/wave.fsdb" is ignored.
*Verdi* : Begin traversing the scope (testbench), layer (0).
*Verdi* : End of traversing.
counter_5to3.v, 24 :   assign c  = (ci&s_temp) | ~(s_temp | ~((i0&i1) | (i2&i3)));
Verdi>run
counter_5to3.v, 24 :   assign c  = (ci&s_temp) | ~(s_temp | ~((i0&i1) | (i2&i3)));
           V C S   S i m u l a t i o n   R e p o r t 
Time: 3516251000 ps
CPU Time:    213.870 seconds;       Data structure size:   0.1Mb
Thu Feb 22 09:59:31 2024
debExit
