 
****************************************
Report : area
Design : wrap
Version: R-2020.09-SP4
Date   : Wed Feb 28 20:13:23 2024
****************************************

Library(s) Used:

    scc55nll_hd_rvt_tt_v1p2_25c_basic (File: /home/autumn/Desktop/ic_mac/add18x18/syn/scc55nll_hd_rvt_tt_v1p2_25c_basic.db)

Number of ports:                          132
Number of nets:                          5199
Number of cells:                         5146
Number of combinational cells:           5018
Number of sequential cells:               128
Number of macros/black boxes:               0
Number of buf/inv:                        874
Number of references:                     129

Combinational area:              10205.439919
Buf/Inv area:                     1044.679983
Noncombinational area:             886.199990
Macro/Black Box area:                0.000000
Net Interconnect area:      undefined  (No wire load specified)

Total cell area:                 11091.639908
Total area:                 undefined
1
