./simv +UVM_NO_RELNOTES +UVM_TESTNAME=default +ntb_random_seed=111 -l ../log/default_111.log -full64 -sml=verdi +UVM_VERDI_TRACE=UVM_AWARE +fsdb+gate=off -ucli2Proc -ucli
debImport "-i" "-simflow" "-dbdir" "./simv.daidir"
Warning-[RT_UO] Unsupported option
  Unsupported option '-full64' is ignored
Notice: timing checks disabled with +notimingcheck at compile-time

Chronologic VCS simulator copyright 1991-2020
Contains Synopsys proprietary information.
Compiler version Q-2020.03-SP2-7_Full64; Runtime version Q-2020.03-SP2-7_Full64;  Mar  5 03:59 2024

*Verdi* Loading libsscore_vcs202003.so

FSDB Dumper for VCS, Release Verdi_R-2020.12-SP1, Linux x86_64/64bit, 03/02/2021

(C) 1996 - 2021 by Synopsys, Inc.

*Verdi* : Create FSDB file '/home/autumn/Desktop/ic_mac/mult18x18/run/inter.fsdb'

*Verdi* : Flush all FSDB Files at 0 ps.

*Verdi* : Enable RPC Server(46338)

srcTBInvokeSim
Verdi>fsdbDumpvars 1 "testbench.product_ref"  +all +trace_process;fsdbDumpvars 1 "testbench.product"  +all +trace_process;fsdbDumpflush 

*Verdi* : Dumping the signal (testbench.product_ref).
*Verdi* : Dumping the signal (testbench.product).
*Verdi* : Flush all FSDB Files at 0 ps.

Verdi>run 1000000.00ps
*Verdi* WARNING: Env/runtime option has specified fsdbfile name as "/home/autumn/Desktop/ic_mac/mult18x18/run/inter.fsdb". Fsdbfile name in task "../wave/wave.fsdb" is ignored.
*Verdi* : Begin traversing the scope (testbench), layer (0).
*Verdi* : End of traversing.
1000000 ps
Verdi>run 1000000.00ps
2000000 ps
Verdi>run 1000000.00ps
3000000 ps
Verdi>run 1000000.00ps
4000000 ps
Verdi>run 10000000.00ps
14000000 ps
