 
****************************************
Report : area
Design : wrap
Version: R-2020.09-SP4
Date   : Tue Feb 27 09:39:54 2024
****************************************

Library(s) Used:

    scc55nll_hd_rvt_tt_v1p2_25c_basic (File: /home/autumn/Desktop/mac/mult16x16/syn/scc55nll_hd_rvt_tt_v1p2_25c_basic.db)

Number of ports:                           68
Number of nets:                          2613
Number of cells:                         2586
Number of combinational cells:           2521
Number of sequential cells:                64
Number of macros/black boxes:               0
Number of buf/inv:                        605
Number of references:                     132

Combinational area:               4416.159986
Buf/Inv area:                      634.199991
Noncombinational area:             452.199997
Macro/Black Box area:                0.000000
Net Interconnect area:      undefined  (No wire load specified)

Total cell area:                  4868.359984
Total area:                 undefined
1
